# JRE version: OpenJDK Runtime Environment Temurin-21.0.9+10 (21.0.9+10) (build 21.0.9+10-LTS)
# Java VM: OpenJDK 64-Bit Server VM Temurin-21.0.9+10 (21.0.9+10-LTS, mixed mode, sharing, tiered, compressed oops, compressed class ptrs, parallel gc, windows-amd64)
GC Precious Log:
 CardTable entry size: 512
 CPUs: 8 total, 8 available
 Memory: 16321M
 Large Page Support: Disabled
 NUMA Support: Disabled
 Compressed Oops: Enabled (32-bit)
 Alignments: Space 512K, Generation 512K, Heap 2M
 Heap Min Capacity: 100M
 Heap Initial Capacity: 100M
 Heap Max Capacity: 2G
 Pre-touch: Disabled
 Parallel Workers: 8
Heap:
 PSYoungGen      total 25600K, used 21647K [0x00000000d5580000, 0x00000000d7200000, 0x0000000100000000)
  eden space 19968K, 96% used [0x00000000d5580000,0x00000000d6857488,0x00000000d6900000)
  from space 5632K, 42% used [0x00000000d6900000,0x00000000d6b50800,0x00000000d6e80000)
  to   space 3584K, 0% used [0x00000000d6e80000,0x00000000d6e80000,0x00000000d7200000)
 ParOldGen       total 77824K, used 77497K [0x0000000080000000, 0x0000000084c00000, 0x00000000d5580000)
  object space 77824K, 99% used [0x0000000080000000,0x0000000084bae658,0x0000000084c00000)
 Metaspace       used 62303K, committed 63680K, reserved 1114112K
  class space    used 7331K, committed 7936K, reserved 1048576K
GC Heap History (20 events):
Event: 38.584 GC heap before
{Heap before GC invocations=37 (full 3):
 PSYoungGen      total 22528K, used 19968K [0x00000000d5580000, 0x00000000d7300000, 0x0000000100000000)
  eden space 19968K, 100% used [0x00000000d5580000,0x00000000d6900000,0x00000000d6900000)
  from space 2560K, 0% used [0x00000000d6e80000,0x00000000d6e80000,0x00000000d7100000)
  to   space 1024K, 0% used [0x00000000d7200000,0x00000000d7200000,0x00000000d7300000)
 ParOldGen       total 68608K, used 61921K [0x0000000080000000, 0x0000000084300000, 0x00000000d5580000)
  object space 68608K, 90% used [0x0000000080000000,0x0000000083c786b8,0x0000000084300000)
 Metaspace       used 59772K, committed 61120K, reserved 1114112K
  class space    used 7056K, committed 7616K, reserved 1048576K
}
Event: 38.585 GC heap after
{Heap after GC invocations=37 (full 3):
 PSYoungGen      total 20480K, used 480K [0x00000000d5580000, 0x00000000d7280000, 0x0000000100000000)
  eden space 19968K, 0% used [0x00000000d5580000,0x00000000d5580000,0x00000000d6900000)
  from space 512K, 93% used [0x00000000d7200000,0x00000000d7278000,0x00000000d7280000)
  to   space 1024K, 0% used [0x00000000d7080000,0x00000000d7080000,0x00000000d7180000)
 ParOldGen       total 68608K, used 61929K [0x0000000080000000, 0x0000000084300000, 0x00000000d5580000)
  object space 68608K, 90% used [0x0000000080000000,0x0000000083c7a6b8,0x0000000084300000)
 Metaspace       used 59772K, committed 61120K, reserved 1114112K
  class space    used 7056K, committed 7616K, reserved 1048576K
}
Event: 38.727 GC heap before
{Heap before GC invocations=38 (full 3):
 PSYoungGen      total 20480K, used 20448K [0x00000000d5580000, 0x00000000d7280000, 0x0000000100000000)
  eden space 19968K, 100% used [0x00000000d5580000,0x00000000d6900000,0x00000000d6900000)
  from space 512K, 93% used [0x00000000d7200000,0x00000000d7278000,0x00000000d7280000)
  to   space 1024K, 0% used [0x00000000d7080000,0x00000000d7080000,0x00000000d7180000)
 ParOldGen       total 68608K, used 61929K [0x0000000080000000, 0x0000000084300000, 0x00000000d5580000)
  object space 68608K, 90% used [0x0000000080000000,0x0000000083c7a6b8,0x0000000084300000)
 Metaspace       used 59772K, committed 61120K, reserved 1114112K
  class space    used 7056K, committed 7616K, reserved 1048576K
}
Event: 38.728 GC heap after
{Heap after GC invocations=38 (full 3):
 PSYoungGen      total 20992K, used 64K [0x00000000d5580000, 0x00000000d7280000, 0x0000000100000000)
  eden space 19968K, 0% used [0x00000000d5580000,0x00000000d5580000,0x00000000d6900000)
  from space 1024K, 6% used [0x00000000d7080000,0x00000000d7090000,0x00000000d7180000)
  to   space 512K, 0% used [0x00000000d7200000,0x00000000d7200000,0x00000000d7280000)
 ParOldGen       total 68608K, used 62328K [0x0000000080000000, 0x0000000084300000, 0x00000000d5580000)
  object space 68608K, 90% used [0x0000000080000000,0x0000000083cde3c8,0x0000000084300000)
 Metaspace       used 59772K, committed 61120K, reserved 1114112K
  class space    used 7056K, committed 7616K, reserved 1048576K
}
Event: 38.825 GC heap before
{Heap before GC invocations=39 (full 3):
 PSYoungGen      total 20992K, used 20032K [0x00000000d5580000, 0x00000000d7280000, 0x0000000100000000)
  eden space 19968K, 100% used [0x00000000d5580000,0x00000000d6900000,0x00000000d6900000)
  from space 1024K, 6% used [0x00000000d7080000,0x00000000d7090000,0x00000000d7180000)
  to   space 512K, 0% used [0x00000000d7200000,0x00000000d7200000,0x00000000d7280000)
 ParOldGen       total 68608K, used 62328K [0x0000000080000000, 0x0000000084300000, 0x00000000d5580000)
  object space 68608K, 90% used [0x0000000080000000,0x0000000083cde3c8,0x0000000084300000)
 Metaspace       used 59772K, committed 61120K, reserved 1114112K
  class space    used 7056K, committed 7616K, reserved 1048576K
}
Event: 38.825 GC heap after
{Heap after GC invocations=39 (full 3):
 PSYoungGen      total 20480K, used 160K [0x00000000d5580000, 0x00000000d7280000, 0x0000000100000000)
  eden space 19968K, 0% used [0x00000000d5580000,0x00000000d5580000,0x00000000d6900000)
  from space 512K, 31% used [0x00000000d7200000,0x00000000d7228000,0x00000000d7280000)
  to   space 512K, 0% used [0x00000000d7180000,0x00000000d7180000,0x00000000d7200000)
 ParOldGen       total 68608K, used 62352K [0x0000000080000000, 0x0000000084300000, 0x00000000d5580000)
  object space 68608K, 90% used [0x0000000080000000,0x0000000083ce43c8,0x0000000084300000)
 Metaspace       used 59772K, committed 61120K, reserved 1114112K
  class space    used 7056K, committed 7616K, reserved 1048576K
}
Event: 38.986 GC heap before
{Heap before GC invocations=40 (full 3):
 PSYoungGen      total 20480K, used 20128K [0x00000000d5580000, 0x00000000d7280000, 0x0000000100000000)
  eden space 19968K, 100% used [0x00000000d5580000,0x00000000d6900000,0x00000000d6900000)
  from space 512K, 31% used [0x00000000d7200000,0x00000000d7228000,0x00000000d7280000)
  to   space 512K, 0% used [0x00000000d7180000,0x00000000d7180000,0x00000000d7200000)
 ParOldGen       total 68608K, used 62352K [0x0000000080000000, 0x0000000084300000, 0x00000000d5580000)
  object space 68608K, 90% used [0x0000000080000000,0x0000000083ce43c8,0x0000000084300000)
 Metaspace       used 59775K, committed 61120K, reserved 1114112K
  class space    used 7056K, committed 7616K, reserved 1048576K
}
Event: 38.987 GC heap after
{Heap after GC invocations=40 (full 3):
 PSYoungGen      total 20480K, used 128K [0x00000000d5580000, 0x00000000d7280000, 0x0000000100000000)
  eden space 19968K, 0% used [0x00000000d5580000,0x00000000d5580000,0x00000000d6900000)
  from space 512K, 25% used [0x00000000d7180000,0x00000000d71a0000,0x00000000d7200000)
  to   space 512K, 0% used [0x00000000d7200000,0x00000000d7200000,0x00000000d7280000)
 ParOldGen       total 68608K, used 62368K [0x0000000080000000, 0x0000000084300000, 0x00000000d5580000)
  object space 68608K, 90% used [0x0000000080000000,0x0000000083ce83c8,0x0000000084300000)
 Metaspace       used 59775K, committed 61120K, reserved 1114112K
  class space    used 7056K, committed 7616K, reserved 1048576K
}
Event: 39.098 GC heap before
{Heap before GC invocations=41 (full 3):
 PSYoungGen      total 20480K, used 20096K [0x00000000d5580000, 0x00000000d7280000, 0x0000000100000000)
  eden space 19968K, 100% used [0x00000000d5580000,0x00000000d6900000,0x00000000d6900000)
  from space 512K, 25% used [0x00000000d7180000,0x00000000d71a0000,0x00000000d7200000)
  to   space 512K, 0% used [0x00000000d7200000,0x00000000d7200000,0x00000000d7280000)
 ParOldGen       total 68608K, used 62368K [0x0000000080000000, 0x0000000084300000, 0x00000000d5580000)
  object space 68608K, 90% used [0x0000000080000000,0x0000000083ce83c8,0x0000000084300000)
 Metaspace       used 59775K, committed 61120K, reserved 1114112K
  class space    used 7056K, committed 7616K, reserved 1048576K
}
Event: 39.099 GC heap after
{Heap after GC invocations=41 (full 3):
 PSYoungGen      total 20480K, used 192K [0x00000000d5580000, 0x00000000d7280000, 0x0000000100000000)
  eden space 19968K, 0% used [0x00000000d5580000,0x00000000d5580000,0x00000000d6900000)
  from space 512K, 37% used [0x00000000d7200000,0x00000000d7230000,0x00000000d7280000)
  to   space 512K, 0% used [0x00000000d7180000,0x00000000d7180000,0x00000000d7200000)
 ParOldGen       total 68608K, used 62416K [0x0000000080000000, 0x0000000084300000, 0x00000000d5580000)
  object space 68608K, 90% used [0x0000000080000000,0x0000000083cf43c8,0x0000000084300000)
 Metaspace       used 59775K, committed 61120K, reserved 1114112K
  class space    used 7056K, committed 7616K, reserved 1048576K
}
Event: 39.256 GC heap before
{Heap before GC invocations=42 (full 3):
 PSYoungGen      total 20480K, used 20160K [0x00000000d5580000, 0x00000000d7280000, 0x0000000100000000)
  eden space 19968K, 100% used [0x00000000d5580000,0x00000000d6900000,0x00000000d6900000)
  from space 512K, 37% used [0x00000000d7200000,0x00000000d7230000,0x00000000d7280000)
  to   space 512K, 0% used [0x00000000d7180000,0x00000000d7180000,0x00000000d7200000)
 ParOldGen       total 68608K, used 62416K [0x0000000080000000, 0x0000000084300000, 0x00000000d5580000)
  object space 68608K, 90% used [0x0000000080000000,0x0000000083cf43c8,0x0000000084300000)
 Metaspace       used 60388K, committed 61696K, reserved 1114112K
  class space    used 7128K, committed 7680K, reserved 1048576K
}
Event: 39.260 GC heap after
{Heap after GC invocations=42 (full 3):
 PSYoungGen      total 20480K, used 489K [0x00000000d5580000, 0x00000000d7e00000, 0x0000000100000000)
  eden space 19968K, 0% used [0x00000000d5580000,0x00000000d5580000,0x00000000d6900000)
  from space 512K, 95% used [0x00000000d7180000,0x00000000d71fa568,0x00000000d7200000)
  to   space 10752K, 0% used [0x00000000d7380000,0x00000000d7380000,0x00000000d7e00000)
 ParOldGen       total 71168K, used 70961K [0x0000000080000000, 0x0000000084580000, 0x00000000d5580000)
  object space 71168K, 99% used [0x0000000080000000,0x000000008454c4d0,0x0000000084580000)
 Metaspace       used 60388K, committed 61696K, reserved 1114112K
  class space    used 7128K, committed 7680K, reserved 1048576K
}
Event: 39.632 GC heap before
{Heap before GC invocations=43 (full 3):
 PSYoungGen      total 20480K, used 20457K [0x00000000d5580000, 0x00000000d7e00000, 0x0000000100000000)
  eden space 19968K, 100% used [0x00000000d5580000,0x00000000d6900000,0x00000000d6900000)
  from space 512K, 95% used [0x00000000d7180000,0x00000000d71fa568,0x00000000d7200000)
  to   space 10752K, 0% used [0x00000000d7380000,0x00000000d7380000,0x00000000d7e00000)
 ParOldGen       total 71168K, used 70961K [0x0000000080000000, 0x0000000084580000, 0x00000000d5580000)
  object space 71168K, 99% used [0x0000000080000000,0x000000008454c4d0,0x0000000084580000)
 Metaspace       used 61820K, committed 63168K, reserved 1114112K
  class space    used 7258K, committed 7808K, reserved 1048576K
}
Event: 39.635 GC heap after
{Heap after GC invocations=43 (full 3):
 PSYoungGen      total 22016K, used 1824K [0x00000000d5580000, 0x00000000d7580000, 0x0000000100000000)
  eden space 19968K, 0% used [0x00000000d5580000,0x00000000d5580000,0x00000000d6900000)
  from space 2048K, 89% used [0x00000000d7380000,0x00000000d7548030,0x00000000d7580000)
  to   space 4608K, 0% used [0x00000000d6c80000,0x00000000d6c80000,0x00000000d7100000)
 ParOldGen       total 71168K, used 71113K [0x0000000080000000, 0x0000000084580000, 0x00000000d5580000)
  object space 71168K, 99% used [0x0000000080000000,0x00000000845724d0,0x0000000084580000)
 Metaspace       used 61820K, committed 63168K, reserved 1114112K
  class space    used 7258K, committed 7808K, reserved 1048576K
}
Event: 39.761 GC heap before
{Heap before GC invocations=44 (full 3):
 PSYoungGen      total 22016K, used 21792K [0x00000000d5580000, 0x00000000d7580000, 0x0000000100000000)
  eden space 19968K, 100% used [0x00000000d5580000,0x00000000d6900000,0x00000000d6900000)
  from space 2048K, 89% used [0x00000000d7380000,0x00000000d7548030,0x00000000d7580000)
  to   space 4608K, 0% used [0x00000000d6c80000,0x00000000d6c80000,0x00000000d7100000)
 ParOldGen       total 71168K, used 71113K [0x0000000080000000, 0x0000000084580000, 0x00000000d5580000)
  object space 71168K, 99% used [0x0000000080000000,0x00000000845724d0,0x0000000084580000)
 Metaspace       used 61847K, committed 63168K, reserved 1114112K
  class space    used 7262K, committed 7808K, reserved 1048576K
}
Event: 39.765 GC heap after
{Heap after GC invocations=44 (full 3):
 PSYoungGen      total 24576K, used 2240K [0x00000000d5580000, 0x00000000d7400000, 0x0000000100000000)
  eden space 19968K, 0% used [0x00000000d5580000,0x00000000d5580000,0x00000000d6900000)
  from space 4608K, 48% used [0x00000000d6c80000,0x00000000d6eb0010,0x00000000d7100000)
  to   space 2560K, 0% used [0x00000000d7180000,0x00000000d7180000,0x00000000d7400000)
 ParOldGen       total 73216K, used 72809K [0x0000000080000000, 0x0000000084780000, 0x00000000d5580000)
  object space 73216K, 99% used [0x0000000080000000,0x000000008471a510,0x0000000084780000)
 Metaspace       used 61847K, committed 63168K, reserved 1114112K
  class space    used 7262K, committed 7808K, reserved 1048576K
}
Event: 39.912 GC heap before
{Heap before GC invocations=45 (full 3):
 PSYoungGen      total 24576K, used 22208K [0x00000000d5580000, 0x00000000d7400000, 0x0000000100000000)
  eden space 19968K, 100% used [0x00000000d5580000,0x00000000d6900000,0x00000000d6900000)
  from space 4608K, 48% used [0x00000000d6c80000,0x00000000d6eb0010,0x00000000d7100000)
  to   space 2560K, 0% used [0x00000000d7180000,0x00000000d7180000,0x00000000d7400000)
 ParOldGen       total 73216K, used 72809K [0x0000000080000000, 0x0000000084780000, 0x00000000d5580000)
  object space 73216K, 99% used [0x0000000080000000,0x000000008471a510,0x0000000084780000)
 Metaspace       used 62255K, committed 63552K, reserved 1114112K
  class space    used 7329K, committed 7872K, reserved 1048576K
}
Event: 39.915 GC heap after
{Heap after GC invocations=45 (full 3):
 PSYoungGen      total 22528K, used 2545K [0x00000000d5580000, 0x00000000d7400000, 0x0000000100000000)
  eden space 19968K, 0% used [0x00000000d5580000,0x00000000d5580000,0x00000000d6900000)
  from space 2560K, 99% used [0x00000000d7180000,0x00000000d73fc4c0,0x00000000d7400000)
  to   space 5632K, 0% used [0x00000000d6900000,0x00000000d6900000,0x00000000d6e80000)
 ParOldGen       total 75264K, used 75041K [0x0000000080000000, 0x0000000084980000, 0x00000000d5580000)
  object space 75264K, 99% used [0x0000000080000000,0x0000000084948510,0x0000000084980000)
 Metaspace       used 62255K, committed 63552K, reserved 1114112K
  class space    used 7329K, committed 7872K, reserved 1048576K
}
Event: 39.997 GC heap before
{Heap before GC invocations=46 (full 3):
 PSYoungGen      total 22528K, used 22513K [0x00000000d5580000, 0x00000000d7400000, 0x0000000100000000)
  eden space 19968K, 100% used [0x00000000d5580000,0x00000000d6900000,0x00000000d6900000)
  from space 2560K, 99% used [0x00000000d7180000,0x00000000d73fc4c0,0x00000000d7400000)
  to   space 5632K, 0% used [0x00000000d6900000,0x00000000d6900000,0x00000000d6e80000)
 ParOldGen       total 75264K, used 75041K [0x0000000080000000, 0x0000000084980000, 0x00000000d5580000)
  object space 75264K, 99% used [0x0000000080000000,0x0000000084948510,0x0000000084980000)
 Metaspace       used 62291K, committed 63680K, reserved 1114112K
  class space    used 7331K, committed 7936K, reserved 1048576K
}
Event: 40.002 GC heap after
{Heap after GC invocations=46 (full 3):
 PSYoungGen      total 25600K, used 2370K [0x00000000d5580000, 0x00000000d7200000, 0x0000000100000000)
  eden space 19968K, 0% used [0x00000000d5580000,0x00000000d5580000,0x00000000d6900000)
  from space 5632K, 42% used [0x00000000d6900000,0x00000000d6b50800,0x00000000d6e80000)
  to   space 3584K, 0% used [0x00000000d6e80000,0x00000000d6e80000,0x00000000d7200000)
 ParOldGen       total 77824K, used 77497K [0x0000000080000000, 0x0000000084c00000, 0x00000000d5580000)
  object space 77824K, 99% used [0x0000000080000000,0x0000000084bae658,0x0000000084c00000)
 Metaspace       used 62291K, committed 63680K, reserved 1114112K
  class space    used 7331K, committed 7936K, reserved 1048576K
}

